{"/home/student/workspace/DIce-Life/client/diceRollFunction.js": {"path":"/home/student/workspace/DIce-Life/client/diceRollFunction.js","statementMap":{"0":{"start":{"line":1,"column":14},"end":{"line":1,"column":18}},"1":{"start":{"line":2,"column":14},"end":{"line":2,"column":18}},"2":{"start":{"line":4,"column":10},"end":{"line":4,"column":14}},"3":{"start":{"line":7,"column":2},"end":{"line":7,"column":47}},"4":{"start":{"line":8,"column":2},"end":{"line":8,"column":47}},"5":{"start":{"line":10,"column":2},"end":{"line":10,"column":25}},"6":{"start":{"line":12,"column":2},"end":{"line":12,"column":12}},"7":{"start":{"line":15,"column":0},"end":{"line":15,"column":25}}},"fnMap":{"0":{"name":"rollDice","decl":{"start":{"line":6,"column":9},"end":{"line":6,"column":17}},"loc":{"start":{"line":6,"column":20},"end":{"line":13,"column":1}},"line":6}},"branchMap":{},"s":{"0":1,"1":1,"2":1,"3":1,"4":1,"5":1,"6":1,"7":1},"f":{"0":1},"b":{},"_coverageSchema":"332fd63041d2c1bcb487cc26dd0d5f7d97098a6c","hash":"16cd42a27e3bb0b952b0b48514cc7f71b7332ea9"}
,"/home/student/workspace/DIce-Life/client/actions/login.js": {"path":"/home/student/workspace/DIce-Life/client/actions/login.js","statementMap":{"0":{"start":{"line":5,"column":2},"end":{"line":9,"column":3}},"1":{"start":{"line":13,"column":2},"end":{"line":18,"column":3}},"2":{"start":{"line":22,"column":2},"end":{"line":27,"column":3}},"3":{"start":{"line":31,"column":2},"end":{"line":42,"column":3}},"4":{"start":{"line":32,"column":4},"end":{"line":32,"column":33}},"5":{"start":{"line":33,"column":4},"end":{"line":41,"column":8}},"6":{"start":{"line":35,"column":25},"end":{"line":35,"column":59}},"7":{"start":{"line":36,"column":8},"end":{"line":36,"column":40}},"8":{"start":{"line":37,"column":8},"end":{"line":37,"column":33}},"9":{"start":{"line":40,"column":8},"end":{"line":40,"column":55}}},"fnMap":{"0":{"name":"requestLogin","decl":{"start":{"line":4,"column":9},"end":{"line":4,"column":21}},"loc":{"start":{"line":4,"column":25},"end":{"line":10,"column":1}},"line":4},"1":{"name":"receiveLogin","decl":{"start":{"line":12,"column":16},"end":{"line":12,"column":28}},"loc":{"start":{"line":12,"column":36},"end":{"line":19,"column":1}},"line":12},"2":{"name":"loginError","decl":{"start":{"line":21,"column":16},"end":{"line":21,"column":26}},"loc":{"start":{"line":21,"column":37},"end":{"line":28,"column":1}},"line":21},"3":{"name":"loginUser","decl":{"start":{"line":30,"column":16},"end":{"line":30,"column":25}},"loc":{"start":{"line":30,"column":34},"end":{"line":43,"column":1}},"line":30},"4":{"name":"(anonymous_4)","decl":{"start":{"line":31,"column":9},"end":{"line":31,"column":10}},"loc":{"start":{"line":31,"column":21},"end":{"line":42,"column":3}},"line":31},"5":{"name":"(anonymous_5)","decl":{"start":{"line":34,"column":12},"end":{"line":34,"column":13}},"loc":{"start":{"line":34,"column":26},"end":{"line":38,"column":7}},"line":34},"6":{"name":"(anonymous_6)","decl":{"start":{"line":39,"column":13},"end":{"line":39,"column":14}},"loc":{"start":{"line":39,"column":20},"end":{"line":41,"column":7}},"line":39}},"branchMap":{},"s":{"0":0,"1":0,"2":0,"3":0,"4":0,"5":0,"6":0,"7":0,"8":0,"9":0},"f":{"0":0,"1":0,"2":0,"3":0,"4":0,"5":0,"6":0},"b":{},"_coverageSchema":"332fd63041d2c1bcb487cc26dd0d5f7d97098a6c","hash":"62ca933a6b002eb4ae6e00380d01047317283e05"}
,"/home/student/workspace/DIce-Life/client/actions/logout.js": {"path":"/home/student/workspace/DIce-Life/client/actions/logout.js","statementMap":{"0":{"start":{"line":4,"column":2},"end":{"line":8,"column":3}},"1":{"start":{"line":12,"column":2},"end":{"line":16,"column":3}},"2":{"start":{"line":21,"column":2},"end":{"line":26,"column":3}},"3":{"start":{"line":22,"column":4},"end":{"line":22,"column":29}},"4":{"start":{"line":23,"column":4},"end":{"line":23,"column":29}},"5":{"start":{"line":24,"column":4},"end":{"line":24,"column":16}},"6":{"start":{"line":25,"column":4},"end":{"line":25,"column":29}}},"fnMap":{"0":{"name":"requestLogout","decl":{"start":{"line":3,"column":9},"end":{"line":3,"column":22}},"loc":{"start":{"line":3,"column":26},"end":{"line":9,"column":1}},"line":3},"1":{"name":"receiveLogout","decl":{"start":{"line":11,"column":9},"end":{"line":11,"column":22}},"loc":{"start":{"line":11,"column":26},"end":{"line":17,"column":1}},"line":11},"2":{"name":"logoutUser","decl":{"start":{"line":20,"column":16},"end":{"line":20,"column":26}},"loc":{"start":{"line":20,"column":30},"end":{"line":27,"column":1}},"line":20},"3":{"name":"(anonymous_3)","decl":{"start":{"line":21,"column":9},"end":{"line":21,"column":10}},"loc":{"start":{"line":21,"column":21},"end":{"line":26,"column":3}},"line":21}},"branchMap":{},"s":{"0":0,"1":0,"2":0,"3":0,"4":0,"5":0,"6":0},"f":{"0":0,"1":0,"2":0,"3":0},"b":{},"_coverageSchema":"332fd63041d2c1bcb487cc26dd0d5f7d97098a6c","hash":"03322f8d81e77457cc75fc15dddb3c20dde76092"}
,"/home/student/workspace/DIce-Life/client/actions/register.js": {"path":"/home/student/workspace/DIce-Life/client/actions/register.js","statementMap":{"0":{"start":{"line":6,"column":2},"end":{"line":16,"column":3}},"1":{"start":{"line":7,"column":4},"end":{"line":15,"column":68}},"2":{"start":{"line":11,"column":25},"end":{"line":11,"column":54}},"3":{"start":{"line":12,"column":8},"end":{"line":12,"column":40}},"4":{"start":{"line":13,"column":8},"end":{"line":13,"column":33}},"5":{"start":{"line":15,"column":20},"end":{"line":15,"column":67}}},"fnMap":{"0":{"name":"registerUserRequest","decl":{"start":{"line":5,"column":16},"end":{"line":5,"column":35}},"loc":{"start":{"line":5,"column":44},"end":{"line":17,"column":1}},"line":5},"1":{"name":"(anonymous_1)","decl":{"start":{"line":6,"column":9},"end":{"line":6,"column":10}},"loc":{"start":{"line":6,"column":23},"end":{"line":16,"column":3}},"line":6},"2":{"name":"(anonymous_2)","decl":{"start":{"line":10,"column":12},"end":{"line":10,"column":13}},"loc":{"start":{"line":10,"column":19},"end":{"line":14,"column":7}},"line":10},"3":{"name":"(anonymous_3)","decl":{"start":{"line":15,"column":13},"end":{"line":15,"column":14}},"loc":{"start":{"line":15,"column":20},"end":{"line":15,"column":67}},"line":15}},"branchMap":{},"s":{"0":0,"1":0,"2":0,"3":0,"4":0,"5":0},"f":{"0":0,"1":0,"2":0,"3":0},"b":{},"_coverageSchema":"332fd63041d2c1bcb487cc26dd0d5f7d97098a6c","hash":"824d5a438bfc4faae2b0ded92f684df26a18ca60"}
,"/home/student/workspace/DIce-Life/client/components/App.jsx": {"path":"/home/student/workspace/DIce-Life/client/components/App.jsx","statementMap":{"0":{"start":{"line":11,"column":12},"end":{"line":36,"column":1}},"1":{"start":{"line":12,"column":2},"end":{"line":35,"column":11}},"2":{"start":{"line":38,"column":24},"end":{"line":42,"column":1}},"3":{"start":{"line":39,"column":2},"end":{"line":41,"column":3}}},"fnMap":{"0":{"name":"(anonymous_0)","decl":{"start":{"line":11,"column":12},"end":{"line":11,"column":13}},"loc":{"start":{"line":12,"column":2},"end":{"line":35,"column":11}},"line":12},"1":{"name":"(anonymous_1)","decl":{"start":{"line":38,"column":24},"end":{"line":38,"column":25}},"loc":{"start":{"line":38,"column":36},"end":{"line":42,"column":1}},"line":38}},"branchMap":{"0":{"loc":{"start":{"line":25,"column":9},"end":{"line":26,"column":52}},"type":"binary-expr","locations":[{"start":{"line":25,"column":9},"end":{"line":25,"column":30}},{"start":{"line":26,"column":10},"end":{"line":26,"column":52}}],"line":25}},"s":{"0":1,"1":0,"2":1,"3":0},"f":{"0":0,"1":0},"b":{"0":[0,0]},"_coverageSchema":"332fd63041d2c1bcb487cc26dd0d5f7d97098a6c","hash":"33df2a3ea47f1898bfa720be90047626d259777a"}
,"/home/student/workspace/DIce-Life/client/components/History.jsx": {"path":"/home/student/workspace/DIce-Life/client/components/History.jsx","statementMap":{"0":{"start":{"line":5,"column":2},"end":{"line":7,"column":8}}},"fnMap":{"0":{"name":"History","decl":{"start":{"line":4,"column":9},"end":{"line":4,"column":16}},"loc":{"start":{"line":4,"column":25},"end":{"line":8,"column":1}},"line":4}},"branchMap":{},"s":{"0":0},"f":{"0":0},"b":{},"_coverageSchema":"332fd63041d2c1bcb487cc26dd0d5f7d97098a6c","hash":"e44d43a4abb30dd9e768c50327cb399a1a0d2449"}
,"/home/student/workspace/DIce-Life/client/components/Login.jsx": {"path":"/home/student/workspace/DIce-Life/client/components/Login.jsx","statementMap":{"0":{"start":{"line":7,"column":4},"end":{"line":7,"column":16}},"1":{"start":{"line":8,"column":4},"end":{"line":11,"column":5}},"2":{"start":{"line":12,"column":4},"end":{"line":12,"column":54}},"3":{"start":{"line":13,"column":4},"end":{"line":13,"column":40}},"4":{"start":{"line":16,"column":4},"end":{"line":16,"column":39}},"5":{"start":{"line":19,"column":4},"end":{"line":19,"column":52}},"6":{"start":{"line":22,"column":4},"end":{"line":22,"column":22}},"7":{"start":{"line":23,"column":32},"end":{"line":23,"column":42}},"8":{"start":{"line":24,"column":4},"end":{"line":24,"column":57}},"9":{"start":{"line":27,"column":19},"end":{"line":27,"column":29}},"10":{"start":{"line":28,"column":4},"end":{"line":41,"column":5}},"11":{"start":{"line":45,"column":24},"end":{"line":49,"column":1}},"12":{"start":{"line":46,"column":2},"end":{"line":48,"column":3}}},"fnMap":{"0":{"name":"(anonymous_0)","decl":{"start":{"line":6,"column":2},"end":{"line":6,"column":3}},"loc":{"start":{"line":6,"column":21},"end":{"line":14,"column":3}},"line":6},"1":{"name":"(anonymous_1)","decl":{"start":{"line":15,"column":2},"end":{"line":15,"column":3}},"loc":{"start":{"line":15,"column":22},"end":{"line":17,"column":3}},"line":15},"2":{"name":"(anonymous_2)","decl":{"start":{"line":18,"column":2},"end":{"line":18,"column":3}},"loc":{"start":{"line":18,"column":19},"end":{"line":20,"column":3}},"line":18},"3":{"name":"(anonymous_3)","decl":{"start":{"line":21,"column":2},"end":{"line":21,"column":3}},"loc":{"start":{"line":21,"column":12},"end":{"line":25,"column":3}},"line":21},"4":{"name":"(anonymous_4)","decl":{"start":{"line":26,"column":2},"end":{"line":26,"column":3}},"loc":{"start":{"line":26,"column":11},"end":{"line":42,"column":3}},"line":26},"5":{"name":"(anonymous_5)","decl":{"start":{"line":45,"column":24},"end":{"line":45,"column":25}},"loc":{"start":{"line":45,"column":36},"end":{"line":49,"column":1}},"line":45}},"branchMap":{"0":{"loc":{"start":{"line":32,"column":9},"end":{"line":32,"column":99}},"type":"binary-expr","locations":[{"start":{"line":32,"column":9},"end":{"line":32,"column":26}},{"start":{"line":32,"column":30},"end":{"line":32,"column":99}}],"line":32}},"s":{"0":0,"1":0,"2":0,"3":0,"4":0,"5":0,"6":0,"7":0,"8":0,"9":0,"10":0,"11":1,"12":0},"f":{"0":0,"1":0,"2":0,"3":0,"4":0,"5":0},"b":{"0":[0,0]},"_coverageSchema":"332fd63041d2c1bcb487cc26dd0d5f7d97098a6c","hash":"1052cd21b9e1cc65360d3c89f804b5d4e17be203"}
,"/home/student/workspace/DIce-Life/client/components/Meeting.jsx": {"path":"/home/student/workspace/DIce-Life/client/components/Meeting.jsx","statementMap":{"0":{"start":{"line":5,"column":2},"end":{"line":7,"column":8}}},"fnMap":{"0":{"name":"Meeting","decl":{"start":{"line":4,"column":9},"end":{"line":4,"column":16}},"loc":{"start":{"line":4,"column":25},"end":{"line":8,"column":1}},"line":4}},"branchMap":{},"s":{"0":0},"f":{"0":0},"b":{},"_coverageSchema":"332fd63041d2c1bcb487cc26dd0d5f7d97098a6c","hash":"95b18e8069feffa62c0b4363703f36c002b560c0"}
,"/home/student/workspace/DIce-Life/client/components/Nav.jsx": {"path":"/home/student/workspace/DIce-Life/client/components/Nav.jsx","statementMap":{"0":{"start":{"line":8,"column":4},"end":{"line":8,"column":16}},"1":{"start":{"line":9,"column":4},"end":{"line":11,"column":5}},"2":{"start":{"line":12,"column":4},"end":{"line":12,"column":52}},"3":{"start":{"line":15,"column":4},"end":{"line":15,"column":55}},"4":{"start":{"line":18,"column":27},"end":{"line":18,"column":37}},"5":{"start":{"line":19,"column":25},"end":{"line":19,"column":35}},"6":{"start":{"line":20,"column":4},"end":{"line":45,"column":10}},"7":{"start":{"line":35,"column":58},"end":{"line":35,"column":66}},"8":{"start":{"line":49,"column":27},"end":{"line":53,"column":1}},"9":{"start":{"line":50,"column":2},"end":{"line":52,"column":3}},"10":{"start":{"line":51,"column":18},"end":{"line":51,"column":40}},"11":{"start":{"line":55,"column":24},"end":{"line":57,"column":1}},"12":{"start":{"line":56,"column":2},"end":{"line":56,"column":15}}},"fnMap":{"0":{"name":"(anonymous_0)","decl":{"start":{"line":7,"column":2},"end":{"line":7,"column":3}},"loc":{"start":{"line":7,"column":21},"end":{"line":13,"column":3}},"line":7},"1":{"name":"(anonymous_1)","decl":{"start":{"line":14,"column":2},"end":{"line":14,"column":3}},"loc":{"start":{"line":14,"column":17},"end":{"line":16,"column":3}},"line":14},"2":{"name":"(anonymous_2)","decl":{"start":{"line":17,"column":2},"end":{"line":17,"column":3}},"loc":{"start":{"line":17,"column":11},"end":{"line":46,"column":3}},"line":17},"3":{"name":"(anonymous_3)","decl":{"start":{"line":35,"column":52},"end":{"line":35,"column":53}},"loc":{"start":{"line":35,"column":58},"end":{"line":35,"column":66}},"line":35},"4":{"name":"(anonymous_4)","decl":{"start":{"line":49,"column":27},"end":{"line":49,"column":28}},"loc":{"start":{"line":49,"column":41},"end":{"line":53,"column":1}},"line":49},"5":{"name":"(anonymous_5)","decl":{"start":{"line":51,"column":12},"end":{"line":51,"column":13}},"loc":{"start":{"line":51,"column":18},"end":{"line":51,"column":40}},"line":51},"6":{"name":"(anonymous_6)","decl":{"start":{"line":55,"column":24},"end":{"line":55,"column":25}},"loc":{"start":{"line":55,"column":36},"end":{"line":57,"column":1}},"line":55}},"branchMap":{"0":{"loc":{"start":{"line":23,"column":79},"end":{"line":23,"column":107}},"type":"cond-expr","locations":[{"start":{"line":23,"column":92},"end":{"line":23,"column":103}},{"start":{"line":23,"column":105},"end":{"line":23,"column":107}}],"line":23},"1":{"loc":{"start":{"line":29,"column":60},"end":{"line":29,"column":89}},"type":"cond-expr","locations":[{"start":{"line":29,"column":73},"end":{"line":29,"column":84}},{"start":{"line":29,"column":87},"end":{"line":29,"column":89}}],"line":29},"2":{"loc":{"start":{"line":31,"column":13},"end":{"line":40,"column":15}},"type":"cond-expr","locations":[{"start":{"line":32,"column":16},"end":{"line":36,"column":15}},{"start":{"line":37,"column":16},"end":{"line":40,"column":15}}],"line":31}},"s":{"0":0,"1":0,"2":0,"3":0,"4":0,"5":0,"6":0,"7":0,"8":1,"9":0,"10":0,"11":1,"12":0},"f":{"0":0,"1":0,"2":0,"3":0,"4":0,"5":0,"6":0},"b":{"0":[0,0],"1":[0,0],"2":[0,0]},"_coverageSchema":"332fd63041d2c1bcb487cc26dd0d5f7d97098a6c","hash":"59701c80d3bd3882a2b8d990d60c4719a767b831"}
,"/home/student/workspace/DIce-Life/client/components/Register.jsx": {"path":"/home/student/workspace/DIce-Life/client/components/Register.jsx","statementMap":{"0":{"start":{"line":8,"column":4},"end":{"line":8,"column":16}},"1":{"start":{"line":9,"column":4},"end":{"line":15,"column":5}},"2":{"start":{"line":16,"column":4},"end":{"line":16,"column":54}},"3":{"start":{"line":17,"column":4},"end":{"line":17,"column":40}},"4":{"start":{"line":20,"column":4},"end":{"line":20,"column":39}},"5":{"start":{"line":23,"column":4},"end":{"line":23,"column":52}},"6":{"start":{"line":26,"column":4},"end":{"line":26,"column":22}},"7":{"start":{"line":27,"column":4},"end":{"line":27,"column":20}},"8":{"start":{"line":28,"column":73},"end":{"line":28,"column":83}},"9":{"start":{"line":29,"column":4},"end":{"line":29,"column":101}},"10":{"start":{"line":29,"column":38},"end":{"line":29,"column":101}},"11":{"start":{"line":30,"column":4},"end":{"line":30,"column":56}},"12":{"start":{"line":33,"column":19},"end":{"line":33,"column":29}},"13":{"start":{"line":34,"column":4},"end":{"line":61,"column":5}},"14":{"start":{"line":65,"column":24},"end":{"line":69,"column":1}},"15":{"start":{"line":66,"column":2},"end":{"line":68,"column":3}}},"fnMap":{"0":{"name":"(anonymous_0)","decl":{"start":{"line":7,"column":2},"end":{"line":7,"column":3}},"loc":{"start":{"line":7,"column":21},"end":{"line":18,"column":3}},"line":7},"1":{"name":"(anonymous_1)","decl":{"start":{"line":19,"column":2},"end":{"line":19,"column":3}},"loc":{"start":{"line":19,"column":22},"end":{"line":21,"column":3}},"line":19},"2":{"name":"(anonymous_2)","decl":{"start":{"line":22,"column":2},"end":{"line":22,"column":3}},"loc":{"start":{"line":22,"column":19},"end":{"line":24,"column":3}},"line":22},"3":{"name":"(anonymous_3)","decl":{"start":{"line":25,"column":2},"end":{"line":25,"column":3}},"loc":{"start":{"line":25,"column":12},"end":{"line":31,"column":3}},"line":25},"4":{"name":"(anonymous_4)","decl":{"start":{"line":32,"column":2},"end":{"line":32,"column":3}},"loc":{"start":{"line":32,"column":11},"end":{"line":62,"column":3}},"line":32},"5":{"name":"(anonymous_5)","decl":{"start":{"line":65,"column":24},"end":{"line":65,"column":25}},"loc":{"start":{"line":65,"column":36},"end":{"line":69,"column":1}},"line":65}},"branchMap":{"0":{"loc":{"start":{"line":29,"column":4},"end":{"line":29,"column":101}},"type":"if","locations":[{"start":{"line":29,"column":4},"end":{"line":29,"column":101}},{"start":{"line":29,"column":4},"end":{"line":29,"column":101}}],"line":29},"1":{"loc":{"start":{"line":38,"column":9},"end":{"line":38,"column":99}},"type":"binary-expr","locations":[{"start":{"line":38,"column":9},"end":{"line":38,"column":26}},{"start":{"line":38,"column":30},"end":{"line":38,"column":99}}],"line":38}},"s":{"0":0,"1":0,"2":0,"3":0,"4":0,"5":0,"6":0,"7":0,"8":0,"9":0,"10":0,"11":0,"12":0,"13":0,"14":1,"15":0},"f":{"0":0,"1":0,"2":0,"3":0,"4":0,"5":0},"b":{"0":[0,0],"1":[0,0]},"_coverageSchema":"332fd63041d2c1bcb487cc26dd0d5f7d97098a6c","hash":"fddf89c5738c446c8fbaa817749137a147eb27d9"}
,"/home/student/workspace/DIce-Life/client/utils/api.js": {"path":"/home/student/workspace/DIce-Life/client/utils/api.js","statementMap":{"0":{"start":{"line":6,"column":16},"end":{"line":6,"column":23}},"1":{"start":{"line":9,"column":21},"end":{"line":9,"column":72}},"2":{"start":{"line":10,"column":16},"end":{"line":10,"column":28}},"3":{"start":{"line":11,"column":18},"end":{"line":13,"column":3}},"4":{"start":{"line":14,"column":2},"end":{"line":16,"column":3}},"5":{"start":{"line":15,"column":4},"end":{"line":15,"column":48}},"6":{"start":{"line":18,"column":2},"end":{"line":25,"column":6}},"7":{"start":{"line":21,"column":6},"end":{"line":21,"column":16}},"8":{"start":{"line":24,"column":6},"end":{"line":24,"column":15}}},"fnMap":{"0":{"name":"consume","decl":{"start":{"line":8,"column":24},"end":{"line":8,"column":31}},"loc":{"start":{"line":8,"column":69},"end":{"line":26,"column":1}},"line":8},"1":{"name":"(anonymous_1)","decl":{"start":{"line":20,"column":10},"end":{"line":20,"column":11}},"loc":{"start":{"line":20,"column":19},"end":{"line":22,"column":5}},"line":20},"2":{"name":"(anonymous_2)","decl":{"start":{"line":23,"column":11},"end":{"line":23,"column":12}},"loc":{"start":{"line":23,"column":18},"end":{"line":25,"column":5}},"line":23}},"branchMap":{"0":{"loc":{"start":{"line":8,"column":32},"end":{"line":8,"column":46}},"type":"default-arg","locations":[{"start":{"line":8,"column":41},"end":{"line":8,"column":46}}],"line":8},"1":{"loc":{"start":{"line":8,"column":58},"end":{"line":8,"column":67}},"type":"default-arg","locations":[{"start":{"line":8,"column":65},"end":{"line":8,"column":67}}],"line":8},"2":{"loc":{"start":{"line":9,"column":21},"end":{"line":9,"column":72}},"type":"binary-expr","locations":[{"start":{"line":9,"column":21},"end":{"line":9,"column":51}},{"start":{"line":9,"column":55},"end":{"line":9,"column":62}},{"start":{"line":9,"column":66},"end":{"line":9,"column":72}}],"line":9},"3":{"loc":{"start":{"line":14,"column":2},"end":{"line":16,"column":3}},"type":"if","locations":[{"start":{"line":14,"column":2},"end":{"line":16,"column":3}},{"start":{"line":14,"column":2},"end":{"line":16,"column":3}}],"line":14}},"s":{"0":1,"1":0,"2":0,"3":0,"4":0,"5":0,"6":0,"7":0,"8":0},"f":{"0":0,"1":0,"2":0},"b":{"0":[0],"1":[0],"2":[0,0,0],"3":[0,0]},"_coverageSchema":"332fd63041d2c1bcb487cc26dd0d5f7d97098a6c","hash":"2b460c4d19b3c30bae9143ddc02c0bf0bdbe4af5"}
,"/home/student/workspace/DIce-Life/client/utils/auth.js": {"path":"/home/student/workspace/DIce-Life/client/utils/auth.js","statementMap":{"0":{"start":{"line":1,"column":15},"end":{"line":1,"column":36}},"1":{"start":{"line":6,"column":16},"end":{"line":6,"column":28}},"2":{"start":{"line":8,"column":2},"end":{"line":19,"column":3}},"3":{"start":{"line":9,"column":20},"end":{"line":9,"column":33}},"4":{"start":{"line":10,"column":19},"end":{"line":10,"column":30}},"5":{"start":{"line":12,"column":4},"end":{"line":15,"column":5}},"6":{"start":{"line":13,"column":6},"end":{"line":13,"column":18}},"7":{"start":{"line":14,"column":6},"end":{"line":14,"column":18}},"8":{"start":{"line":16,"column":4},"end":{"line":16,"column":15}},"9":{"start":{"line":18,"column":4},"end":{"line":18,"column":16}},"10":{"start":{"line":23,"column":2},"end":{"line":23,"column":21}},"11":{"start":{"line":24,"column":2},"end":{"line":24,"column":22}},"12":{"start":{"line":28,"column":16},"end":{"line":28,"column":28}},"13":{"start":{"line":29,"column":2},"end":{"line":29,"column":37}},"14":{"start":{"line":33,"column":2},"end":{"line":33,"column":20}}},"fnMap":{"0":{"name":"isAuthenticated","decl":{"start":{"line":5,"column":16},"end":{"line":5,"column":31}},"loc":{"start":{"line":5,"column":35},"end":{"line":20,"column":1}},"line":5},"1":{"name":"saveUserToken","decl":{"start":{"line":22,"column":16},"end":{"line":22,"column":29}},"loc":{"start":{"line":22,"column":38},"end":{"line":25,"column":1}},"line":22},"2":{"name":"getUserTokenInfo","decl":{"start":{"line":27,"column":16},"end":{"line":27,"column":32}},"loc":{"start":{"line":27,"column":36},"end":{"line":30,"column":1}},"line":27},"3":{"name":"removeUser","decl":{"start":{"line":32,"column":16},"end":{"line":32,"column":26}},"loc":{"start":{"line":32,"column":30},"end":{"line":34,"column":1}},"line":32}},"branchMap":{"0":{"loc":{"start":{"line":8,"column":2},"end":{"line":19,"column":3}},"type":"if","locations":[{"start":{"line":8,"column":2},"end":{"line":19,"column":3}},{"start":{"line":8,"column":2},"end":{"line":19,"column":3}}],"line":8},"1":{"loc":{"start":{"line":12,"column":4},"end":{"line":15,"column":5}},"type":"if","locations":[{"start":{"line":12,"column":4},"end":{"line":15,"column":5}},{"start":{"line":12,"column":4},"end":{"line":15,"column":5}}],"line":12},"2":{"loc":{"start":{"line":29,"column":9},"end":{"line":29,"column":37}},"type":"cond-expr","locations":[{"start":{"line":29,"column":17},"end":{"line":29,"column":30}},{"start":{"line":29,"column":33},"end":{"line":29,"column":37}}],"line":29}},"s":{"0":1,"1":0,"2":0,"3":0,"4":0,"5":0,"6":0,"7":0,"8":0,"9":0,"10":0,"11":0,"12":0,"13":0,"14":0},"f":{"0":0,"1":0,"2":0,"3":0},"b":{"0":[0,0],"1":[0,0],"2":[0,0]},"_coverageSchema":"332fd63041d2c1bcb487cc26dd0d5f7d97098a6c","hash":"123515d226f5d99fa0d9005e54d0800c3c8ef208"}
,"/home/student/workspace/DIce-Life/client/utils/localstorage.js": {"path":"/home/student/workspace/DIce-Life/client/utils/localstorage.js","statementMap":{"0":{"start":{"line":1,"column":21},"end":{"line":1,"column":47}},"1":{"start":{"line":3,"column":2},"end":{"line":3,"column":34}},"2":{"start":{"line":7,"column":2},"end":{"line":11,"column":3}},"3":{"start":{"line":8,"column":4},"end":{"line":8,"column":32}},"4":{"start":{"line":10,"column":4},"end":{"line":10,"column":36}}},"fnMap":{"0":{"name":"get","decl":{"start":{"line":2,"column":16},"end":{"line":2,"column":19}},"loc":{"start":{"line":2,"column":26},"end":{"line":4,"column":1}},"line":2},"1":{"name":"set","decl":{"start":{"line":6,"column":16},"end":{"line":6,"column":19}},"loc":{"start":{"line":6,"column":33},"end":{"line":12,"column":1}},"line":6}},"branchMap":{"0":{"loc":{"start":{"line":7,"column":2},"end":{"line":11,"column":3}},"type":"if","locations":[{"start":{"line":7,"column":2},"end":{"line":11,"column":3}},{"start":{"line":7,"column":2},"end":{"line":11,"column":3}}],"line":7}},"s":{"0":1,"1":0,"2":0,"3":0,"4":0},"f":{"0":0,"1":0},"b":{"0":[0,0]},"_coverageSchema":"332fd63041d2c1bcb487cc26dd0d5f7d97098a6c","hash":"41d587745c3ea60fc92f2051026e0d108bad8add"}
,"/home/student/workspace/DIce-Life/test/client/setup-dom.js": {"path":"/home/student/workspace/DIce-Life/test/client/setup-dom.js","statementMap":{"0":{"start":{"line":1,"column":0},"end":{"line":1,"column":25}},"1":{"start":{"line":3,"column":18},"end":{"line":3,"column":34}},"2":{"start":{"line":5,"column":12},"end":{"line":5,"column":38}},"3":{"start":{"line":7,"column":0},"end":{"line":7,"column":26}},"4":{"start":{"line":8,"column":0},"end":{"line":8,"column":37}},"5":{"start":{"line":9,"column":0},"end":{"line":9,"column":39}}},"fnMap":{},"branchMap":{},"s":{"0":1,"1":1,"2":1,"3":1,"4":1,"5":1},"f":{},"b":{},"_coverageSchema":"332fd63041d2c1bcb487cc26dd0d5f7d97098a6c","hash":"e616946ec90b2f9ea001e8d0361b46570ee3402e"}
}
