TN:
SF:/home/student/workspace/DIce-Life/client/diceRollFunction.js
FN:6,rollDice
FNF:1
FNH:1
FNDA:1,rollDice
DA:1,1
DA:2,1
DA:4,1
DA:7,1
DA:8,1
DA:10,1
DA:12,1
DA:15,1
LF:8
LH:8
BRF:0
BRH:0
end_of_record
TN:
SF:/home/student/workspace/DIce-Life/client/actions/login.js
FN:4,requestLogin
FN:12,receiveLogin
FN:21,loginError
FN:30,loginUser
FN:31,(anonymous_4)
FN:34,(anonymous_5)
FN:39,(anonymous_6)
FNF:7
FNH:0
FNDA:0,requestLogin
FNDA:0,receiveLogin
FNDA:0,loginError
FNDA:0,loginUser
FNDA:0,(anonymous_4)
FNDA:0,(anonymous_5)
FNDA:0,(anonymous_6)
DA:5,0
DA:13,0
DA:22,0
DA:31,0
DA:32,0
DA:33,0
DA:35,0
DA:36,0
DA:37,0
DA:40,0
LF:10
LH:0
BRF:0
BRH:0
end_of_record
TN:
SF:/home/student/workspace/DIce-Life/client/actions/logout.js
FN:3,requestLogout
FN:11,receiveLogout
FN:20,logoutUser
FN:21,(anonymous_3)
FNF:4
FNH:0
FNDA:0,requestLogout
FNDA:0,receiveLogout
FNDA:0,logoutUser
FNDA:0,(anonymous_3)
DA:4,0
DA:12,0
DA:21,0
DA:22,0
DA:23,0
DA:24,0
DA:25,0
LF:7
LH:0
BRF:0
BRH:0
end_of_record
TN:
SF:/home/student/workspace/DIce-Life/client/actions/register.js
FN:5,registerUserRequest
FN:6,(anonymous_1)
FN:10,(anonymous_2)
FN:15,(anonymous_3)
FNF:4
FNH:0
FNDA:0,registerUserRequest
FNDA:0,(anonymous_1)
FNDA:0,(anonymous_2)
FNDA:0,(anonymous_3)
DA:6,0
DA:7,0
DA:11,0
DA:12,0
DA:13,0
DA:15,0
LF:6
LH:0
BRF:0
BRH:0
end_of_record
TN:
SF:/home/student/workspace/DIce-Life/client/components/App.jsx
FN:11,(anonymous_0)
FN:38,(anonymous_1)
FNF:2
FNH:0
FNDA:0,(anonymous_0)
FNDA:0,(anonymous_1)
DA:11,1
DA:12,0
DA:38,1
DA:39,0
LF:4
LH:2
BRDA:25,0,0,0
BRDA:25,0,1,0
BRF:2
BRH:0
end_of_record
TN:
SF:/home/student/workspace/DIce-Life/client/components/History.jsx
FN:4,History
FNF:1
FNH:0
FNDA:0,History
DA:5,0
LF:1
LH:0
BRF:0
BRH:0
end_of_record
TN:
SF:/home/student/workspace/DIce-Life/client/components/Login.jsx
FN:6,(anonymous_0)
FN:15,(anonymous_1)
FN:18,(anonymous_2)
FN:21,(anonymous_3)
FN:26,(anonymous_4)
FN:45,(anonymous_5)
FNF:6
FNH:0
FNDA:0,(anonymous_0)
FNDA:0,(anonymous_1)
FNDA:0,(anonymous_2)
FNDA:0,(anonymous_3)
FNDA:0,(anonymous_4)
FNDA:0,(anonymous_5)
DA:7,0
DA:8,0
DA:12,0
DA:13,0
DA:16,0
DA:19,0
DA:22,0
DA:23,0
DA:24,0
DA:27,0
DA:28,0
DA:45,1
DA:46,0
LF:13
LH:1
BRDA:32,0,0,0
BRDA:32,0,1,0
BRF:2
BRH:0
end_of_record
TN:
SF:/home/student/workspace/DIce-Life/client/components/Meeting.jsx
FN:4,Meeting
FNF:1
FNH:0
FNDA:0,Meeting
DA:5,0
LF:1
LH:0
BRF:0
BRH:0
end_of_record
TN:
SF:/home/student/workspace/DIce-Life/client/components/Nav.jsx
FN:7,(anonymous_0)
FN:14,(anonymous_1)
FN:17,(anonymous_2)
FN:35,(anonymous_3)
FN:49,(anonymous_4)
FN:51,(anonymous_5)
FN:55,(anonymous_6)
FNF:7
FNH:0
FNDA:0,(anonymous_0)
FNDA:0,(anonymous_1)
FNDA:0,(anonymous_2)
FNDA:0,(anonymous_3)
FNDA:0,(anonymous_4)
FNDA:0,(anonymous_5)
FNDA:0,(anonymous_6)
DA:8,0
DA:9,0
DA:12,0
DA:15,0
DA:18,0
DA:19,0
DA:20,0
DA:35,0
DA:49,1
DA:50,0
DA:51,0
DA:55,1
DA:56,0
LF:13
LH:2
BRDA:23,0,0,0
BRDA:23,0,1,0
BRDA:29,1,0,0
BRDA:29,1,1,0
BRDA:31,2,0,0
BRDA:31,2,1,0
BRF:6
BRH:0
end_of_record
TN:
SF:/home/student/workspace/DIce-Life/client/components/Register.jsx
FN:7,(anonymous_0)
FN:19,(anonymous_1)
FN:22,(anonymous_2)
FN:25,(anonymous_3)
FN:32,(anonymous_4)
FN:65,(anonymous_5)
FNF:6
FNH:0
FNDA:0,(anonymous_0)
FNDA:0,(anonymous_1)
FNDA:0,(anonymous_2)
FNDA:0,(anonymous_3)
FNDA:0,(anonymous_4)
FNDA:0,(anonymous_5)
DA:8,0
DA:9,0
DA:16,0
DA:17,0
DA:20,0
DA:23,0
DA:26,0
DA:27,0
DA:28,0
DA:29,0
DA:30,0
DA:33,0
DA:34,0
DA:65,1
DA:66,0
LF:15
LH:1
BRDA:29,0,0,0
BRDA:29,0,1,0
BRDA:38,1,0,0
BRDA:38,1,1,0
BRF:4
BRH:0
end_of_record
TN:
SF:/home/student/workspace/DIce-Life/client/utils/api.js
FN:8,consume
FN:20,(anonymous_1)
FN:23,(anonymous_2)
FNF:3
FNH:0
FNDA:0,consume
FNDA:0,(anonymous_1)
FNDA:0,(anonymous_2)
DA:6,1
DA:9,0
DA:10,0
DA:11,0
DA:14,0
DA:15,0
DA:18,0
DA:21,0
DA:24,0
LF:9
LH:1
BRDA:8,0,0,0
BRDA:8,1,0,0
BRDA:9,2,0,0
BRDA:9,2,1,0
BRDA:9,2,2,0
BRDA:14,3,0,0
BRDA:14,3,1,0
BRF:7
BRH:0
end_of_record
TN:
SF:/home/student/workspace/DIce-Life/client/utils/auth.js
FN:5,isAuthenticated
FN:22,saveUserToken
FN:27,getUserTokenInfo
FN:32,removeUser
FNF:4
FNH:0
FNDA:0,isAuthenticated
FNDA:0,saveUserToken
FNDA:0,getUserTokenInfo
FNDA:0,removeUser
DA:1,1
DA:6,0
DA:8,0
DA:9,0
DA:10,0
DA:12,0
DA:13,0
DA:14,0
DA:16,0
DA:18,0
DA:23,0
DA:24,0
DA:28,0
DA:29,0
DA:33,0
LF:15
LH:1
BRDA:8,0,0,0
BRDA:8,0,1,0
BRDA:12,1,0,0
BRDA:12,1,1,0
BRDA:29,2,0,0
BRDA:29,2,1,0
BRF:6
BRH:0
end_of_record
TN:
SF:/home/student/workspace/DIce-Life/client/utils/localstorage.js
FN:2,get
FN:6,set
FNF:2
FNH:0
FNDA:0,get
FNDA:0,set
DA:1,1
DA:3,0
DA:7,0
DA:8,0
DA:10,0
LF:5
LH:1
BRDA:7,0,0,0
BRDA:7,0,1,0
BRF:2
BRH:0
end_of_record
TN:
SF:/home/student/workspace/DIce-Life/test/client/setup-dom.js
FNF:0
FNH:0
DA:1,1
DA:3,1
DA:5,1
DA:7,1
DA:8,1
DA:9,1
LF:6
LH:6
BRF:0
BRH:0
end_of_record
